find_executable: checking for pg_config... -------------------- no

--------------------

find_header: checking for libpq-fe.h... -------------------- no

"/usr/bin/clang -o conftest -I/Users/petersonneveld/.rvm/rubies/ruby-2.0.0-p0/include/ruby-2.0.0/x86_64-darwin14.0.0 -I/Users/petersonneveld/.rvm/rubies/ruby-2.0.0-p0/include/ruby-2.0.0/ruby/backward -I/Users/petersonneveld/.rvm/rubies/ruby-2.0.0-p0/include/ruby-2.0.0 -I. -D_XOPEN_SOURCE -D_DARWIN_C_SOURCE -D_DARWIN_UNLIMITED_SELECT -D_REENTRANT -I/usr/local/opt/libyaml/include -I/usr/local/opt/readline/include -I/usr/local/opt/libxml2/include -I/usr/local/opt/libxslt/include -I/usr/local/opt/libksba/include -I/usr/local/opt/openssl/include -I/usr/local/opt/sqlite/include    -O3 -fno-fast-math -ggdb3 -Wall -Wextra -Wno-unused-parameter -Wno-parentheses -Wno-long-long -Wno-missing-field-initializers -Wunused-variable -Wpointer-arith -Wwrite-strings -Wdeclaration-after-statement -Wshorten-64-to-32 -Wimplicit-function-declaration  -fno-common -pipe conftest.c  -L. -L/Users/petersonneveld/.rvm/rubies/ruby-2.0.0-p0/lib -L/usr/local/opt/libyaml/lib -L/usr/local/opt/readline/lib -L/usr/local/opt/libxml2/lib -L/usr/local/opt/libxslt/lib -L/usr/local/opt/libksba/lib -L/usr/local/opt/openssl/lib -L/usr/local/opt/sqlite/lib -L. -fstack-protector -L/usr/local/opt/libyaml/lib -L/usr/local/opt/readline/lib -L/usr/local/opt/libxml2/lib -L/usr/local/opt/libxslt/lib -L/usr/local/opt/libksba/lib -L/usr/local/opt/openssl/lib -L/usr/local/opt/sqlite/lib      -lruby.2.0.0  -lpthread -ldl -lobjc "
checked program was:
/* begin */
1: #include "ruby.h"
2: 
3: int main(void) {return 0;}
/* end */

"/usr/bin/clang -E -I/Users/petersonneveld/.rvm/rubies/ruby-2.0.0-p0/include/ruby-2.0.0/x86_64-darwin14.0.0 -I/Users/petersonneveld/.rvm/rubies/ruby-2.0.0-p0/include/ruby-2.0.0/ruby/backward -I/Users/petersonneveld/.rvm/rubies/ruby-2.0.0-p0/include/ruby-2.0.0 -I. -D_XOPEN_SOURCE -D_DARWIN_C_SOURCE -D_DARWIN_UNLIMITED_SELECT -D_REENTRANT -I/usr/local/opt/libyaml/include -I/usr/local/opt/readline/include -I/usr/local/opt/libxml2/include -I/usr/local/opt/libxslt/include -I/usr/local/opt/libksba/include -I/usr/local/opt/openssl/include -I/usr/local/opt/sqlite/include    -O3 -fno-fast-math -ggdb3 -Wall -Wextra -Wno-unused-parameter -Wno-parentheses -Wno-long-long -Wno-missing-field-initializers -Wunused-variable -Wpointer-arith -Wwrite-strings -Wdeclaration-after-statement -Wshorten-64-to-32 -Wimplicit-function-declaration  -fno-common -pipe  conftest.c -o conftest.i"
conftest.c:3:10: fatal error: 'libpq-fe.h' file not found
#include <libpq-fe.h>
         ^
1 error generated.
checked program was:
/* begin */
1: #include "ruby.h"
2: 
3: #include <libpq-fe.h>
/* end */

--------------------

