/Users/petersonneveld/.rvm/rubies/ruby-2.0.0-p0/bin/ruby -r ./siteconf20150102-99913-fyzof8.rb extconf.rb 
creating Makefile

make "DESTDIR=" clean

make "DESTDIR="
compiling bcrypt_ext.c
bcrypt_ext.c:17:25: warning: implicit conversion loses integer precision: 'long' to 'int' [-Wshorten-64-to-32]
            NIL_P(input) ? 0 : RSTRING_LEN(input));
                               ^~~~~~~~~~~~~~~~~~
/Users/petersonneveld/.rvm/rubies/ruby-2.0.0-p0/include/ruby-2.0.0/ruby/ruby.h:864:6: note: expanded from macro 'RSTRING_LEN'
     RSTRING_EMBED_LEN(str) : \
     ^~~~~~~~~~~~~~~~~~~~~~
/Users/petersonneveld/.rvm/rubies/ruby-2.0.0-p0/include/ruby-2.0.0/ruby/ruby.h:860:6: note: expanded from macro 'RSTRING_EMBED_LEN'
     (long)((RBASIC(str)->flags >> RSTRING_EMBED_LEN_SHIFT) & \
     ^~~~~~~~~~~~~~~~~~~~~~~~~~~~~~~~~~~~~~~~~~~~~~~~~~~~~~~~~~
bcrypt_ext.c:17:25: warning: implicit conversion loses integer precision: 'long' to 'int' [-Wshorten-64-to-32]
            NIL_P(input) ? 0 : RSTRING_LEN(input));
                               ^~~~~~~~~~~~~~~~~~
/Users/petersonneveld/.rvm/rubies/ruby-2.0.0-p0/include/ruby-2.0.0/ruby/ruby.h:865:28: note: expanded from macro 'RSTRING_LEN'
     RSTRING(str)->as.heap.len)
     ~~~~~~~~~~~~~~~~~~~~~~^~~
2 warnings generated.
compiling crypt.c
crypt.c:15:26: warning: implicit conversion loses integer precision: 'long' to 'int' [-Wshorten-64-to-32]
      NIL_P(input) ? 0 : RSTRING_LEN(input));
                         ^~~~~~~~~~~~~~~~~~
/Users/petersonneveld/.rvm/rubies/ruby-2.0.0-p0/include/ruby-2.0.0/ruby/ruby.h:864:6: note: expanded from macro 'RSTRING_LEN'
     RSTRING_EMBED_LEN(str) : \
     ^~~~~~~~~~~~~~~~~~~~~~
/Users/petersonneveld/.rvm/rubies/ruby-2.0.0-p0/include/ruby-2.0.0/ruby/ruby.h:860:6: note: expanded from macro 'RSTRING_EMBED_LEN'
     (long)((RBASIC(str)->flags >> RSTRING_EMBED_LEN_SHIFT) & \
     ^~~~~~~~~~~~~~~~~~~~~~~~~~~~~~~~~~~~~~~~~~~~~~~~~~~~~~~~~~
crypt.c:15:26: warning: implicit conversion loses integer precision: 'long' to 'int' [-Wshorten-64-to-32]
      NIL_P(input) ? 0 : RSTRING_LEN(input));
                         ^~~~~~~~~~~~~~~~~~
/Users/petersonneveld/.rvm/rubies/ruby-2.0.0-p0/include/ruby-2.0.0/ruby/ruby.h:865:28: note: expanded from macro 'RSTRING_LEN'
     RSTRING(str)->as.heap.len)
     ~~~~~~~~~~~~~~~~~~~~~~^~~
2 warnings generated.
compiling crypt_blowfish.c
compiling crypt_gensalt.c
compiling wrapper.c
linking shared-object bcrypt_ext.bundle

make "DESTDIR=" install
/usr/bin/install -c -m 0755 bcrypt_ext.bundle ./.gem.20150102-99913-1ib35vb
installing default bcrypt_ext libraries
